-----------------------------------
initial state: [0, 0, [[0, 7, 1], [4, 3, 2], [8, 6, 5]]]
number of moves: 16
calls to move: 1318
timer (seconds): 0.0571134090423584
-----------------------------------
-----------------------------------
initial state: [0, 2, [[5, 6, 0], [1, 3, 8], [4, 7, 2]]]
number of moves: 18
calls to move: 4677
timer (seconds): 0.20888519287109375
-----------------------------------
-----------------------------------
initial state: [2, 0, [[3, 5, 6], [1, 2, 7], [0, 8, 4]]]
number of moves: 20
calls to move: 7602
timer (seconds): 0.3405764102935791
-----------------------------------
-----------------------------------
initial state: [1, 1, [[7, 3, 5], [4, 0, 2], [8, 1, 6]]]
number of moves: 18
calls to move: 5260
timer (seconds): 0.23106765747070312
-----------------------------------
-----------------------------------
initial state: [2, 0, [[6, 4, 8], [7, 1, 3], [0, 2, 5]]]
number of moves: 18
calls to move: 3273
timer (seconds): 0.14549517631530762
-----------------------------------
-----------------------------------
initial state: [0, 2, [[3, 2, 0], [6, 1, 8], [4, 7, 5]]]
number of moves: 18
calls to move: 3940
timer (seconds): 0.1744849681854248
-----------------------------------
-----------------------------------
initial state: [0, 0, [[0, 1, 8], [3, 6, 7], [5, 4, 2]]]
number of moves: 20
calls to move: 9832
timer (seconds): 0.44406557083129883
-----------------------------------
-----------------------------------
initial state: [2, 0, [[6, 4, 1], [7, 3, 2], [0, 5, 8]]]
number of moves: 14
calls to move: 279
timer (seconds): 0.010977983474731445
-----------------------------------
-----------------------------------
initial state: [0, 0, [[0, 7, 1], [5, 4, 8], [6, 2, 3]]]
number of moves: 24
calls to move: 64672
timer (seconds): 3.1121654510498047
-----------------------------------
-----------------------------------
initial state: [0, 2, [[5, 4, 0], [2, 3, 1], [8, 7, 6]]]
number of moves: 22
calls to move: 26806
timer (seconds): 1.2491462230682373
-----------------------------------
-----------------------------------
initial state: [2, 1, [[8, 6, 7], [2, 5, 4], [3, 0, 1]]]
number of moves: 31
calls to move: 2959650
timer (seconds): 159.26724100112915
-----------------------------------
