-----------------------------------
initial state: [0, 0, [[0, 7, 1], [4, 3, 2], [8, 6, 5]]]
number of moves: 16
calls to move: 251
timer (seconds): 0.016850709915161133
-----------------------------------
-----------------------------------
initial state: [0, 2, [[5, 6, 0], [1, 3, 8], [4, 7, 2]]]
number of moves: 18
calls to move: 725
timer (seconds): 0.036449432373046875
-----------------------------------
-----------------------------------
initial state: [2, 0, [[3, 5, 6], [1, 2, 7], [0, 8, 4]]]
number of moves: 20
calls to move: 1043
timer (seconds): 0.06450033187866211
-----------------------------------
-----------------------------------
initial state: [1, 1, [[7, 3, 5], [4, 0, 2], [8, 1, 6]]]
number of moves: 18
calls to move: 1591
timer (seconds): 0.07609152793884277
-----------------------------------
-----------------------------------
initial state: [2, 0, [[6, 4, 8], [7, 1, 3], [0, 2, 5]]]
number of moves: 18
calls to move: 211
timer (seconds): 0.009500980377197266
-----------------------------------
-----------------------------------
initial state: [0, 2, [[3, 2, 0], [6, 1, 8], [4, 7, 5]]]
number of moves: 18
calls to move: 389
timer (seconds): 0.017988204956054688
-----------------------------------
-----------------------------------
initial state: [0, 0, [[0, 1, 8], [3, 6, 7], [5, 4, 2]]]
number of moves: 20
calls to move: 136
timer (seconds): 0.005876064300537109
-----------------------------------
-----------------------------------
initial state: [2, 0, [[6, 4, 1], [7, 3, 2], [0, 5, 8]]]
number of moves: 14
calls to move: 40
timer (seconds): 0.00193023681640625
-----------------------------------
-----------------------------------
initial state: [0, 0, [[0, 7, 1], [5, 4, 8], [6, 2, 3]]]
number of moves: 24
calls to move: 5410
timer (seconds): 0.28653931617736816
-----------------------------------
-----------------------------------
initial state: [0, 2, [[5, 4, 0], [2, 3, 1], [8, 7, 6]]]
number of moves: 22
calls to move: 4679
timer (seconds): 0.23544979095458984
-----------------------------------
-----------------------------------
initial state: [2, 1, [[8, 6, 7], [2, 5, 4], [3, 0, 1]]]
number of moves: 31
calls to move: 63510
timer (seconds): 3.56426739692688
-----------------------------------
