-----------------------------------
initial state: [0, 0, [[0, 7, 1], [4, 3, 2], [8, 6, 5]]]
number of moves: 16
calls to move: 1318
timer (seconds): 0.05756402015686035
-----------------------------------
-----------------------------------
initial state: [0, 2, [[5, 6, 0], [1, 3, 8], [4, 7, 2]]]
number of moves: 18
calls to move: 4677
timer (seconds): 0.21390819549560547
-----------------------------------
-----------------------------------
initial state: [2, 0, [[3, 5, 6], [1, 2, 7], [0, 8, 4]]]
number of moves: 20
calls to move: 7602
timer (seconds): 0.3454282283782959
-----------------------------------
-----------------------------------
initial state: [1, 1, [[7, 3, 5], [4, 0, 2], [8, 1, 6]]]
number of moves: 18
calls to move: 5260
timer (seconds): 0.23224282264709473
-----------------------------------
-----------------------------------
initial state: [2, 0, [[6, 4, 8], [7, 1, 3], [0, 2, 5]]]
number of moves: 18
calls to move: 3273
timer (seconds): 0.14527654647827148
-----------------------------------
-----------------------------------
initial state: [0, 2, [[3, 2, 0], [6, 1, 8], [4, 7, 5]]]
number of moves: 18
calls to move: 3940
timer (seconds): 0.17537784576416016
-----------------------------------
-----------------------------------
initial state: [0, 0, [[0, 1, 8], [3, 6, 7], [5, 4, 2]]]
number of moves: 20
calls to move: 9832
timer (seconds): 0.44937658309936523
-----------------------------------
-----------------------------------
initial state: [2, 0, [[6, 4, 1], [7, 3, 2], [0, 5, 8]]]
number of moves: 14
calls to move: 279
timer (seconds): 0.01127481460571289
-----------------------------------
-----------------------------------
initial state: [0, 0, [[0, 7, 1], [5, 4, 8], [6, 2, 3]]]
number of moves: 24
calls to move: 64672
timer (seconds): 3.255368947982788
-----------------------------------
-----------------------------------
initial state: [0, 2, [[5, 4, 0], [2, 3, 1], [8, 7, 6]]]
number of moves: 22
calls to move: 26806
timer (seconds): 1.369999885559082
-----------------------------------
-----------------------------------
initial state: [2, 1, [[8, 6, 7], [2, 5, 4], [3, 0, 1]]]
number of moves: 31
calls to move: 2959650
timer (seconds): 163.56968235969543
-----------------------------------
